<?xml version="1.0" encoding="UTF-8"?>
<!-- Generated by org.testng.reporters.JUnitReportReporter -->
<testsuite hostname="DESKTOP-JS09G45" failures="0" tests="1" name="TEST.MisceallanousAppiumActions" time="9.676" errors="0" timestamp="2023-07-12T08:45:01 AST" skipped="0">
  <testcase classname="TEST.MisceallanousAppiumActions" name="misceallanous" time="9.676"/>
</testsuite> <!-- TEST.MisceallanousAppiumActions -->
