<?xml version="1.0" encoding="UTF-8"?>
<!-- Generated by org.testng.reporters.JUnitReportReporter -->
<testsuite hostname="DESKTOP-JS09G45" failures="0" tests="1" name="TEST.longpress" time="7.893" errors="0" timestamp="2023-07-12T20:43:16 AST" skipped="0">
  <testcase classname="TEST.longpress" name="longpressGesture" time="7.893"/>
</testsuite> <!-- TEST.longpress -->
