<?xml version="1.0" encoding="UTF-8"?>
<!-- Generated by org.testng.reporters.JUnitReportReporter -->
<testsuite hostname="DESKTOP-JS09G45" failures="0" tests="1" name="TEST.draganddrop" time="12.929" errors="0" timestamp="2023-07-11T14:35:07 AST" skipped="0">
  <testcase classname="TEST.draganddrop" name="draganddrop" time="12.929"/>
</testsuite> <!-- TEST.draganddrop -->
