<?xml version="1.0" encoding="UTF-8"?>
<!-- Generated by org.testng.reporters.JUnitReportReporter -->
<testsuite hostname="DESKTOP-JS09G45" failures="0" tests="1" name="TEST.e_Commerce_tc_2" time="28.512" errors="0" timestamp="2023-07-14T23:31:58 AST" skipped="0">
  <testcase classname="TEST.e_Commerce_tc_2" name="FillForm" time="28.512"/>
</testsuite> <!-- TEST.e_Commerce_tc_2 -->
