<?xml version="1.0" encoding="UTF-8"?>
<!-- Generated by org.testng.reporters.JUnitReportReporter -->
<testsuite hostname="DESKTOP-JS09G45" failures="0" tests="1" name="TEST.e_Commerce_tc_1" time="26.136" errors="0" timestamp="2023-07-14T16:06:20 AST" skipped="0">
  <testcase classname="TEST.e_Commerce_tc_1" name="FillForm" time="26.136"/>
</testsuite> <!-- TEST.e_Commerce_tc_1 -->
